{"level":30,"time":1726045560629,"pid":4342,"hostname":"DARRYL-WORK-PC","msg":"Updating database"}
{"level":30,"time":1726045565067,"pid":4342,"hostname":"DARRYL-WORK-PC","msg":"Deleted image from DO: guns/cz-.22-lr-452-cz-.22-lr-3655-3.jpg"}
{"level":30,"time":1726045565098,"pid":4342,"hostname":"DARRYL-WORK-PC","msg":"Deleted image from DO: guns/cz-.22-lr-452-cz-.22-lr-3655-0.jpg"}
{"level":30,"time":1726045565126,"pid":4342,"hostname":"DARRYL-WORK-PC","msg":"Deleted image from DO: guns/cz-.22-lr-452-cz-.22-lr-3655-1.jpg"}
{"level":30,"time":1726045565149,"pid":4342,"hostname":"DARRYL-WORK-PC","msg":"Deleted image from DO: guns/cz-.22-lr-452-cz-.22-lr-3655-2.jpg"}
{"level":30,"time":1726045565179,"pid":4342,"hostname":"DARRYL-WORK-PC","msg":"Deleted image from DO: guns/pietta-.44-1858-pietta-.44-3716-1.jpg"}
{"level":30,"time":1726045565207,"pid":4342,"hostname":"DARRYL-WORK-PC","msg":"Deleted image from DO: guns/pietta-.44-1858-pietta-.44-3716-2.jpg"}
{"level":30,"time":1726045565250,"pid":4342,"hostname":"DARRYL-WORK-PC","msg":"Deleted image from DO: guns/pietta-.44-1858-pietta-.44-3716-3.jpg"}
{"level":30,"time":1726045565279,"pid":4342,"hostname":"DARRYL-WORK-PC","msg":"Deleted image from DO: guns/pietta-.44-1858-pietta-.44-3716-0.jpg"}
{"level":30,"time":1726045565304,"pid":4342,"hostname":"DARRYL-WORK-PC","msg":"Deleted image from DO: guns/blaser-6.5x55-swedish-r8-blaser-6.5x55-swedish-3777-1.jpg"}
{"level":30,"time":1726045565329,"pid":4342,"hostname":"DARRYL-WORK-PC","msg":"Deleted image from DO: guns/blaser-6.5x55-swedish-r8-blaser-6.5x55-swedish-3777-0.jpg"}
{"level":30,"time":1726045565357,"pid":4342,"hostname":"DARRYL-WORK-PC","msg":"Deleted image from DO: guns/blaser-6.5x55-swedish-r8-blaser-6.5x55-swedish-3777-3.jpg"}
{"level":30,"time":1726045565387,"pid":4342,"hostname":"DARRYL-WORK-PC","msg":"Deleted image from DO: guns/blaser-6.5x55-swedish-r8-blaser-6.5x55-swedish-3777-2.jpg"}
{"level":30,"time":1726045565413,"pid":4342,"hostname":"DARRYL-WORK-PC","msg":"Deleted image from DO: guns/blaser-6.5x55-swedish-r8-blaser-6.5x55-swedish-3777-4.jpg"}
{"level":30,"time":1726045565443,"pid":4342,"hostname":"DARRYL-WORK-PC","msg":"Deleted image from DO: guns/weihrauch-.177-hw-100-t-weihrauch-.177-60829-0.jpg"}
{"level":30,"time":1726045565473,"pid":4342,"hostname":"DARRYL-WORK-PC","msg":"Deleted image from DO: guns/weihrauch-.177-hw-100-t-weihrauch-.177-60829-2.jpg"}
{"level":30,"time":1726045565505,"pid":4342,"hostname":"DARRYL-WORK-PC","msg":"Deleted image from DO: guns/weihrauch-.177-hw-100-t-weihrauch-.177-60829-1.jpg"}
{"level":30,"time":1726045565536,"pid":4342,"hostname":"DARRYL-WORK-PC","msg":"Deleted image from DO: guns/weihrauch-.177-hw-100-t-weihrauch-.177-60829-5.jpg"}
{"level":30,"time":1726045565565,"pid":4342,"hostname":"DARRYL-WORK-PC","msg":"Deleted image from DO: guns/weihrauch-.177-hw-100-t-weihrauch-.177-60829-4.jpg"}
{"level":30,"time":1726045565592,"pid":4342,"hostname":"DARRYL-WORK-PC","msg":"Deleted image from DO: guns/weihrauch-.177-hw-100-t-weihrauch-.177-60829-3.jpg"}
{"level":30,"time":1726045565615,"pid":4342,"hostname":"DARRYL-WORK-PC","msg":"Deleted image from DO: guns/bsa-.22-airsporter-mk6-bsa-.22-84026-1.jpg"}
{"level":30,"time":1726045565659,"pid":4342,"hostname":"DARRYL-WORK-PC","msg":"Deleted image from DO: guns/bsa-.22-airsporter-mk6-bsa-.22-84026-2.jpg"}
{"level":30,"time":1726045565691,"pid":4342,"hostname":"DARRYL-WORK-PC","msg":"Deleted image from DO: guns/bsa-.22-airsporter-mk6-bsa-.22-84026-0.jpg"}
{"level":30,"time":1726045565720,"pid":4342,"hostname":"DARRYL-WORK-PC","msg":"Deleted image from DO: guns/bsa-.22-airsporter-mk6-bsa-.22-84026-3.jpg"}
{"level":30,"time":1726045565748,"pid":4342,"hostname":"DARRYL-WORK-PC","msg":"Deleted image from DO: guns/hatsan-arms-12-gauge-escort-synthetic-hatsan-arms-12-gauge-84019-0.jpg"}
{"level":30,"time":1726045565782,"pid":4342,"hostname":"DARRYL-WORK-PC","msg":"Deleted image from DO: guns/hatsan-arms-12-gauge-escort-synthetic-hatsan-arms-12-gauge-84019-2.jpg"}
{"level":30,"time":1726045565811,"pid":4342,"hostname":"DARRYL-WORK-PC","msg":"Deleted image from DO: guns/hatsan-arms-12-gauge-escort-synthetic-hatsan-arms-12-gauge-84019-3.jpg"}
{"level":30,"time":1726045565841,"pid":4342,"hostname":"DARRYL-WORK-PC","msg":"Deleted image from DO: guns/hatsan-arms-12-gauge-escort-synthetic-hatsan-arms-12-gauge-84019-1.jpg"}
{"level":30,"time":1726045565868,"pid":4342,"hostname":"DARRYL-WORK-PC","msg":"Deleted image from DO: guns/bsa-.177-r10-mk2--bsa-.177-85469-3.jpg"}
{"level":30,"time":1726045565904,"pid":4342,"hostname":"DARRYL-WORK-PC","msg":"Deleted image from DO: guns/sig-sauer-.177-p226-sig-sauer-.177-85377-0.jpg"}
{"level":30,"time":1726045565929,"pid":4342,"hostname":"DARRYL-WORK-PC","msg":"Deleted image from DO: guns/sig-sauer-.177-p226-sig-sauer-.177-85377-1.jpg"}
{"level":30,"time":1726045565955,"pid":4342,"hostname":"DARRYL-WORK-PC","msg":"Deleted image from DO: guns/sig-sauer-.177-p226-sig-sauer-.177-85377-2.jpg"}
{"level":30,"time":1726045565981,"pid":4342,"hostname":"DARRYL-WORK-PC","msg":"Deleted image from DO: guns/sig-sauer-.177-p226-sig-sauer-.177-85377-3.jpg"}
{"level":30,"time":1726045566010,"pid":4342,"hostname":"DARRYL-WORK-PC","msg":"Deleted image from DO: guns/bsa-.177-r10-mk2--bsa-.177-85469-0.jpg"}
{"level":30,"time":1726045566040,"pid":4342,"hostname":"DARRYL-WORK-PC","msg":"Deleted image from DO: guns/bsa-.177-r10-mk2--bsa-.177-85469-2.jpg"}
{"level":30,"time":1726045566066,"pid":4342,"hostname":"DARRYL-WORK-PC","msg":"Deleted image from DO: guns/bsa-.177-r10-mk2--bsa-.177-85469-1.jpg"}
{"level":30,"time":1726045566097,"pid":4342,"hostname":"DARRYL-WORK-PC","msg":"Deleted image from DO: guns/air-arms-.20-tx-200-hunter-carbine-beech-air-arms-.20-88192-1.jpg"}
{"level":30,"time":1726045566124,"pid":4342,"hostname":"DARRYL-WORK-PC","msg":"Deleted image from DO: guns/air-arms-.20-tx-200-hunter-carbine-beech-air-arms-.20-88192-0.jpg"}
{"level":30,"time":1726045566153,"pid":4342,"hostname":"DARRYL-WORK-PC","msg":"Deleted image from DO: guns/air-arms-.20-tx-200-hunter-carbine-beech-air-arms-.20-88192-3.jpg"}
{"level":30,"time":1726045566177,"pid":4342,"hostname":"DARRYL-WORK-PC","msg":"Deleted image from DO: guns/weihrauch-.22-hw-100-kt-synthetic.-weihrauch-.22-89030-0.jpg"}
{"level":30,"time":1726045566207,"pid":4342,"hostname":"DARRYL-WORK-PC","msg":"Deleted image from DO: guns/weihrauch-.22-hw-100-kt-synthetic.-weihrauch-.22-89030-1.jpg"}
{"level":30,"time":1726045566232,"pid":4342,"hostname":"DARRYL-WORK-PC","msg":"Deleted image from DO: guns/weihrauch-.22-hw-100-kt-synthetic.-weihrauch-.22-89030-3.jpg"}
{"level":30,"time":1726045566258,"pid":4342,"hostname":"DARRYL-WORK-PC","msg":"Deleted image from DO: guns/air-arms-.20-tx-200-hunter-carbine-beech-air-arms-.20-88192-2.jpg"}
{"level":30,"time":1726045566283,"pid":4342,"hostname":"DARRYL-WORK-PC","msg":"Deleted image from DO: guns/weihrauch-.22-hw-100-kt-synthetic.-weihrauch-.22-89030-2.jpg"}
{"level":30,"time":1726045567792,"pid":4342,"hostname":"DARRYL-WORK-PC","msg":"493 products updated"}
{"level":30,"time":1726045567792,"pid":4342,"hostname":"DARRYL-WORK-PC","msg":"10 products deleted"}
{"level":30,"time":1726045567793,"pid":4342,"hostname":"DARRYL-WORK-PC","msg":"0 images updated"}
{"level":30,"time":1726045567793,"pid":4342,"hostname":"DARRYL-WORK-PC","msg":"43 images deleted"}
{"level":30,"time":1726045567793,"pid":4342,"hostname":"DARRYL-WORK-PC","msg":"Database updated"}
{"level":30,"time":1726045620925,"pid":4342,"hostname":"DARRYL-WORK-PC","msg":"Updating database"}
{"level":30,"time":1726045620752,"pid":4342,"hostname":"DARRYL-WORK-PC","msg":"Updating database"}
{"level":30,"time":1726045626103,"pid":4342,"hostname":"DARRYL-WORK-PC","msg":"493 products updated"}
{"level":30,"time":1726045626103,"pid":4342,"hostname":"DARRYL-WORK-PC","msg":"0 products deleted"}
{"level":30,"time":1726045626103,"pid":4342,"hostname":"DARRYL-WORK-PC","msg":"0 images updated"}
{"level":30,"time":1726045626103,"pid":4342,"hostname":"DARRYL-WORK-PC","msg":"0 images deleted"}
{"level":30,"time":1726045626103,"pid":4342,"hostname":"DARRYL-WORK-PC","msg":"Database updated"}
{"level":30,"time":1726045626429,"pid":4342,"hostname":"DARRYL-WORK-PC","msg":"493 products updated"}
{"level":30,"time":1726045626429,"pid":4342,"hostname":"DARRYL-WORK-PC","msg":"0 products deleted"}
{"level":30,"time":1726045626429,"pid":4342,"hostname":"DARRYL-WORK-PC","msg":"0 images updated"}
{"level":30,"time":1726045626430,"pid":4342,"hostname":"DARRYL-WORK-PC","msg":"0 images deleted"}
{"level":30,"time":1726045626430,"pid":4342,"hostname":"DARRYL-WORK-PC","msg":"Database updated"}
{"level":30,"time":1726055520146,"pid":80970,"hostname":"DARRYL-WORK-PC","msg":"Updating database"}
{"level":30,"time":1726055522971,"pid":80970,"hostname":"DARRYL-WORK-PC","msg":"492 products updated"}
{"level":30,"time":1726055522971,"pid":80970,"hostname":"DARRYL-WORK-PC","msg":"0 products deleted"}
{"level":30,"time":1726055522971,"pid":80970,"hostname":"DARRYL-WORK-PC","msg":"0 images updated"}
{"level":30,"time":1726055522971,"pid":80970,"hostname":"DARRYL-WORK-PC","msg":"0 images deleted"}
{"level":30,"time":1726055522971,"pid":80970,"hostname":"DARRYL-WORK-PC","msg":"Database updated"}
{"level":30,"time":1726055580215,"pid":80970,"hostname":"DARRYL-WORK-PC","msg":"Updating database"}
{"level":30,"time":1726055582977,"pid":80970,"hostname":"DARRYL-WORK-PC","msg":"492 products updated"}
{"level":30,"time":1726055582977,"pid":80970,"hostname":"DARRYL-WORK-PC","msg":"0 products deleted"}
{"level":30,"time":1726055582977,"pid":80970,"hostname":"DARRYL-WORK-PC","msg":"0 images updated"}
{"level":30,"time":1726055582977,"pid":80970,"hostname":"DARRYL-WORK-PC","msg":"0 images deleted"}
{"level":30,"time":1726055582977,"pid":80970,"hostname":"DARRYL-WORK-PC","msg":"Database updated"}
{"level":50,"time":1726068131535,"pid":169499,"hostname":"DARRYL-WORK-PC","err":{"type":"Error","message":"Product not found","stack":"Error: Product not found\n    at <anonymous> (/home/darryl/work/guns-api/src/cli.ts:56:19)\n    at processTicksAndRejections (:12:39)","originalLine":33,"originalColumn":22},"msg":"Product not found"}
{"level":30,"time":1726068660707,"pid":174439,"hostname":"DARRYL-WORK-PC","msg":"Updating database"}
{"level":30,"time":1726068666256,"pid":174439,"hostname":"DARRYL-WORK-PC","msg":"494 products updated"}
{"level":30,"time":1726068666256,"pid":174439,"hostname":"DARRYL-WORK-PC","msg":"0 products deleted"}
{"level":30,"time":1726068666256,"pid":174439,"hostname":"DARRYL-WORK-PC","msg":"0 images updated"}
{"level":30,"time":1726068666256,"pid":174439,"hostname":"DARRYL-WORK-PC","msg":"0 images deleted"}
{"level":30,"time":1726068666256,"pid":174439,"hostname":"DARRYL-WORK-PC","msg":"Database updated"}
{"level":30,"time":1726068720796,"pid":174439,"hostname":"DARRYL-WORK-PC","msg":"Updating database"}
{"level":30,"time":1726068726182,"pid":174439,"hostname":"DARRYL-WORK-PC","msg":"494 products updated"}
{"level":30,"time":1726068726182,"pid":174439,"hostname":"DARRYL-WORK-PC","msg":"0 products deleted"}
{"level":30,"time":1726068726182,"pid":174439,"hostname":"DARRYL-WORK-PC","msg":"0 images updated"}
{"level":30,"time":1726068726182,"pid":174439,"hostname":"DARRYL-WORK-PC","msg":"0 images deleted"}
{"level":30,"time":1726068726182,"pid":174439,"hostname":"DARRYL-WORK-PC","msg":"Database updated"}
{"level":30,"time":1726068780881,"pid":174439,"hostname":"DARRYL-WORK-PC","msg":"Updating database"}
{"level":30,"time":1726068785987,"pid":174439,"hostname":"DARRYL-WORK-PC","msg":"494 products updated"}
{"level":30,"time":1726068785987,"pid":174439,"hostname":"DARRYL-WORK-PC","msg":"0 products deleted"}
{"level":30,"time":1726068785987,"pid":174439,"hostname":"DARRYL-WORK-PC","msg":"0 images updated"}
{"level":30,"time":1726068785987,"pid":174439,"hostname":"DARRYL-WORK-PC","msg":"0 images deleted"}
{"level":30,"time":1726068785987,"pid":174439,"hostname":"DARRYL-WORK-PC","msg":"Database updated"}
{"level":30,"time":1726068840937,"pid":174439,"hostname":"DARRYL-WORK-PC","msg":"Updating database"}
{"level":30,"time":1726068846129,"pid":174439,"hostname":"DARRYL-WORK-PC","msg":"494 products updated"}
{"level":30,"time":1726068846129,"pid":174439,"hostname":"DARRYL-WORK-PC","msg":"0 products deleted"}
{"level":30,"time":1726068846129,"pid":174439,"hostname":"DARRYL-WORK-PC","msg":"0 images updated"}
{"level":30,"time":1726068846129,"pid":174439,"hostname":"DARRYL-WORK-PC","msg":"0 images deleted"}
{"level":30,"time":1726068846129,"pid":174439,"hostname":"DARRYL-WORK-PC","msg":"Database updated"}
{"level":30,"time":1726068901004,"pid":174439,"hostname":"DARRYL-WORK-PC","msg":"Updating database"}
{"level":30,"time":1726068906081,"pid":174439,"hostname":"DARRYL-WORK-PC","msg":"494 products updated"}
{"level":30,"time":1726068906081,"pid":174439,"hostname":"DARRYL-WORK-PC","msg":"0 products deleted"}
{"level":30,"time":1726068906082,"pid":174439,"hostname":"DARRYL-WORK-PC","msg":"0 images updated"}
{"level":30,"time":1726068906082,"pid":174439,"hostname":"DARRYL-WORK-PC","msg":"0 images deleted"}
{"level":30,"time":1726068906082,"pid":174439,"hostname":"DARRYL-WORK-PC","msg":"Database updated"}
{"level":30,"time":1726068960496,"pid":177237,"hostname":"DARRYL-WORK-PC","msg":"Updating database"}
{"level":30,"time":1726068966081,"pid":177237,"hostname":"DARRYL-WORK-PC","msg":"494 products updated"}
{"level":30,"time":1726068966081,"pid":177237,"hostname":"DARRYL-WORK-PC","msg":"0 products deleted"}
{"level":30,"time":1726068966081,"pid":177237,"hostname":"DARRYL-WORK-PC","msg":"0 images updated"}
{"level":30,"time":1726068966081,"pid":177237,"hostname":"DARRYL-WORK-PC","msg":"0 images deleted"}
{"level":30,"time":1726068966081,"pid":177237,"hostname":"DARRYL-WORK-PC","msg":"Database updated"}
{"level":30,"time":1726071064863,"pid":192382,"hostname":"DARRYL-WORK-PC","msg":"Updating database"}
{"level":30,"time":1726071071081,"pid":192382,"hostname":"DARRYL-WORK-PC","msg":"493 products updated"}
{"level":30,"time":1726071071081,"pid":192382,"hostname":"DARRYL-WORK-PC","msg":"1 products deleted"}
{"level":30,"time":1726071071081,"pid":192382,"hostname":"DARRYL-WORK-PC","msg":"0 images updated"}
{"level":30,"time":1726071071081,"pid":192382,"hostname":"DARRYL-WORK-PC","msg":"5 images deleted"}
{"level":30,"time":1726071071081,"pid":192382,"hostname":"DARRYL-WORK-PC","msg":"Database updated"}
{"level":30,"time":1726134931754,"pid":483654,"hostname":"DARRYL-WORK-PC","msg":"Updating database"}
{"level":30,"time":1726134934897,"pid":483654,"hostname":"DARRYL-WORK-PC","msg":"492 products updated"}
{"level":30,"time":1726134934897,"pid":483654,"hostname":"DARRYL-WORK-PC","msg":"1 products deleted"}
{"level":30,"time":1726134934897,"pid":483654,"hostname":"DARRYL-WORK-PC","msg":"0 images updated"}
{"level":30,"time":1726134934897,"pid":483654,"hostname":"DARRYL-WORK-PC","msg":"4 images deleted"}
{"level":30,"time":1726134934897,"pid":483654,"hostname":"DARRYL-WORK-PC","msg":"Database updated"}
{"level":30,"time":1726135980486,"pid":486970,"hostname":"DARRYL-WORK-PC","msg":"Updating Trigger Traders"}
{"level":30,"time":1726135980581,"pid":486970,"hostname":"DARRYL-WORK-PC","msg":"Trigger Traders updated"}
{"level":30,"time":1726136040303,"pid":487383,"hostname":"DARRYL-WORK-PC","msg":"Updating Trigger Traders"}
{"level":30,"time":1726136040507,"pid":487383,"hostname":"DARRYL-WORK-PC","msg":"Trigger Traders updated"}
{"level":30,"time":1726136160968,"pid":487805,"hostname":"DARRYL-WORK-PC","msg":"Updating Trigger Traders"}
{"level":30,"time":1726136161111,"pid":487805,"hostname":"DARRYL-WORK-PC","msg":"Trigger Traders updated"}
{"level":50,"time":1726136161359,"pid":487805,"hostname":"DARRYL-WORK-PC","msg":"Error converting image to base64: Failed to fetch image: Forbidden"}
{"level":50,"time":1726136161359,"pid":487805,"hostname":"DARRYL-WORK-PC","msg":"Error converting image to base64: Failed to fetch image: Forbidden"}
{"level":50,"time":1726136161363,"pid":487805,"hostname":"DARRYL-WORK-PC","msg":"Error converting image to base64: Failed to fetch image: Forbidden"}
{"level":50,"time":1726136161363,"pid":487805,"hostname":"DARRYL-WORK-PC","msg":"Error converting image to base64: Failed to fetch image: Forbidden"}
{"level":50,"time":1726136161363,"pid":487805,"hostname":"DARRYL-WORK-PC","msg":"Error converting image to base64: Failed to fetch image: Forbidden"}
{"level":50,"time":1726136161363,"pid":487805,"hostname":"DARRYL-WORK-PC","msg":"Error converting image to base64: Failed to fetch image: Forbidden"}
{"level":50,"time":1726136161363,"pid":487805,"hostname":"DARRYL-WORK-PC","msg":"Error converting image to base64: Failed to fetch image: Forbidden"}
{"level":50,"time":1726136161363,"pid":487805,"hostname":"DARRYL-WORK-PC","msg":"Error converting image to base64: Failed to fetch image: Forbidden"}
{"level":50,"time":1726136161363,"pid":487805,"hostname":"DARRYL-WORK-PC","msg":"Error converting image to base64: Failed to fetch image: Forbidden"}
{"level":50,"time":1726136161363,"pid":487805,"hostname":"DARRYL-WORK-PC","msg":"Error converting image to base64: Failed to fetch image: Forbidden"}
{"level":50,"time":1726136161363,"pid":487805,"hostname":"DARRYL-WORK-PC","msg":"Error converting image to base64: Failed to fetch image: Forbidden"}
{"level":50,"time":1726136161363,"pid":487805,"hostname":"DARRYL-WORK-PC","msg":"Error converting image to base64: Failed to fetch image: Forbidden"}
{"level":50,"time":1726136161363,"pid":487805,"hostname":"DARRYL-WORK-PC","msg":"Error converting image to base64: Failed to fetch image: Forbidden"}
{"level":50,"time":1726136161363,"pid":487805,"hostname":"DARRYL-WORK-PC","msg":"Error converting image to base64: Failed to fetch image: Forbidden"}
{"level":50,"time":1726136161363,"pid":487805,"hostname":"DARRYL-WORK-PC","msg":"Error converting image to base64: Failed to fetch image: Forbidden"}
{"level":50,"time":1726136161363,"pid":487805,"hostname":"DARRYL-WORK-PC","msg":"Error converting image to base64: Failed to fetch image: Forbidden"}
{"level":50,"time":1726136161363,"pid":487805,"hostname":"DARRYL-WORK-PC","msg":"Error converting image to base64: Failed to fetch image: Forbidden"}
{"level":50,"time":1726136161363,"pid":487805,"hostname":"DARRYL-WORK-PC","msg":"Error converting image to base64: Failed to fetch image: Forbidden"}
{"level":50,"time":1726136161363,"pid":487805,"hostname":"DARRYL-WORK-PC","msg":"Error converting image to base64: Failed to fetch image: Forbidden"}
{"level":50,"time":1726136161363,"pid":487805,"hostname":"DARRYL-WORK-PC","msg":"Error converting image to base64: Failed to fetch image: Forbidden"}
{"level":50,"time":1726136161363,"pid":487805,"hostname":"DARRYL-WORK-PC","msg":"Error converting image to base64: Failed to fetch image: Forbidden"}
{"level":50,"time":1726136161363,"pid":487805,"hostname":"DARRYL-WORK-PC","msg":"Error converting image to base64: Failed to fetch image: Forbidden"}
{"level":50,"time":1726136161363,"pid":487805,"hostname":"DARRYL-WORK-PC","msg":"Error converting image to base64: Failed to fetch image: Forbidden"}
{"level":50,"time":1726136161363,"pid":487805,"hostname":"DARRYL-WORK-PC","msg":"Error converting image to base64: Failed to fetch image: Forbidden"}
{"level":50,"time":1726136161363,"pid":487805,"hostname":"DARRYL-WORK-PC","msg":"Error converting image to base64: Failed to fetch image: Forbidden"}
{"level":50,"time":1726136161363,"pid":487805,"hostname":"DARRYL-WORK-PC","msg":"Error converting image to base64: Failed to fetch image: Forbidden"}
{"level":50,"time":1726136161384,"pid":487805,"hostname":"DARRYL-WORK-PC","msg":"Error converting image to base64: Failed to fetch image: Forbidden"}
{"level":50,"time":1726136161389,"pid":487805,"hostname":"DARRYL-WORK-PC","msg":"Error converting image to base64: Failed to fetch image: Forbidden"}
{"level":50,"time":1726136161390,"pid":487805,"hostname":"DARRYL-WORK-PC","msg":"Error converting image to base64: Failed to fetch image: Forbidden"}
{"level":50,"time":1726136161390,"pid":487805,"hostname":"DARRYL-WORK-PC","msg":"Error converting image to base64: Failed to fetch image: Forbidden"}
{"level":50,"time":1726136161390,"pid":487805,"hostname":"DARRYL-WORK-PC","msg":"Error converting image to base64: Failed to fetch image: Forbidden"}
{"level":50,"time":1726136161390,"pid":487805,"hostname":"DARRYL-WORK-PC","msg":"Error converting image to base64: Failed to fetch image: Forbidden"}
{"level":50,"time":1726136161390,"pid":487805,"hostname":"DARRYL-WORK-PC","msg":"Error converting image to base64: Failed to fetch image: Forbidden"}
{"level":50,"time":1726136161390,"pid":487805,"hostname":"DARRYL-WORK-PC","msg":"Error converting image to base64: Failed to fetch image: Forbidden"}
{"level":50,"time":1726136161390,"pid":487805,"hostname":"DARRYL-WORK-PC","msg":"Error converting image to base64: Failed to fetch image: Forbidden"}
{"level":50,"time":1726136161390,"pid":487805,"hostname":"DARRYL-WORK-PC","msg":"Error converting image to base64: Failed to fetch image: Forbidden"}
{"level":50,"time":1726136161390,"pid":487805,"hostname":"DARRYL-WORK-PC","msg":"Error converting image to base64: Failed to fetch image: Forbidden"}
{"level":50,"time":1726136161390,"pid":487805,"hostname":"DARRYL-WORK-PC","msg":"Error converting image to base64: Failed to fetch image: Forbidden"}
{"level":50,"time":1726136161390,"pid":487805,"hostname":"DARRYL-WORK-PC","msg":"Error converting image to base64: Failed to fetch image: Forbidden"}
{"level":50,"time":1726136161390,"pid":487805,"hostname":"DARRYL-WORK-PC","msg":"Error converting image to base64: Failed to fetch image: Forbidden"}
{"level":50,"time":1726136161390,"pid":487805,"hostname":"DARRYL-WORK-PC","msg":"Error converting image to base64: Failed to fetch image: Forbidden"}
{"level":50,"time":1726136161390,"pid":487805,"hostname":"DARRYL-WORK-PC","msg":"Error converting image to base64: Failed to fetch image: Forbidden"}
{"level":50,"time":1726136161390,"pid":487805,"hostname":"DARRYL-WORK-PC","msg":"Error converting image to base64: Failed to fetch image: Forbidden"}
{"level":50,"time":1726136161390,"pid":487805,"hostname":"DARRYL-WORK-PC","msg":"Error converting image to base64: Failed to fetch image: Forbidden"}
{"level":50,"time":1726136161390,"pid":487805,"hostname":"DARRYL-WORK-PC","msg":"Error converting image to base64: Failed to fetch image: Forbidden"}
{"level":50,"time":1726136161391,"pid":487805,"hostname":"DARRYL-WORK-PC","msg":"Error converting image to base64: Failed to fetch image: Forbidden"}
{"level":50,"time":1726136161391,"pid":487805,"hostname":"DARRYL-WORK-PC","msg":"Error converting image to base64: Failed to fetch image: Forbidden"}
{"level":50,"time":1726136161391,"pid":487805,"hostname":"DARRYL-WORK-PC","msg":"Error converting image to base64: Failed to fetch image: Forbidden"}
{"level":50,"time":1726136161391,"pid":487805,"hostname":"DARRYL-WORK-PC","msg":"Error converting image to base64: Failed to fetch image: Forbidden"}
{"level":50,"time":1726136161391,"pid":487805,"hostname":"DARRYL-WORK-PC","msg":"Error converting image to base64: Failed to fetch image: Forbidden"}
{"level":50,"time":1726136161391,"pid":487805,"hostname":"DARRYL-WORK-PC","msg":"Error converting image to base64: Failed to fetch image: Forbidden"}
{"level":50,"time":1726136161392,"pid":487805,"hostname":"DARRYL-WORK-PC","msg":"Error converting image to base64: Failed to fetch image: Forbidden"}
{"level":50,"time":1726136161452,"pid":487805,"hostname":"DARRYL-WORK-PC","msg":"Error converting image to base64: Failed to fetch image: Forbidden"}
{"level":50,"time":1726136161473,"pid":487805,"hostname":"DARRYL-WORK-PC","msg":"Error converting image to base64: Failed to fetch image: Forbidden"}
{"level":50,"time":1726136161474,"pid":487805,"hostname":"DARRYL-WORK-PC","msg":"Error converting image to base64: Failed to fetch image: Forbidden"}
{"level":50,"time":1726136161474,"pid":487805,"hostname":"DARRYL-WORK-PC","msg":"Error converting image to base64: Failed to fetch image: Forbidden"}
{"level":50,"time":1726136161474,"pid":487805,"hostname":"DARRYL-WORK-PC","msg":"Error converting image to base64: Failed to fetch image: Forbidden"}
{"level":50,"time":1726136161474,"pid":487805,"hostname":"DARRYL-WORK-PC","msg":"Error converting image to base64: Failed to fetch image: Forbidden"}
{"level":50,"time":1726136161502,"pid":487805,"hostname":"DARRYL-WORK-PC","msg":"Error converting image to base64: Failed to fetch image: Forbidden"}
{"level":50,"time":1726136161502,"pid":487805,"hostname":"DARRYL-WORK-PC","msg":"Error converting image to base64: Failed to fetch image: Forbidden"}
{"level":50,"time":1726136161502,"pid":487805,"hostname":"DARRYL-WORK-PC","msg":"Error converting image to base64: Failed to fetch image: Forbidden"}
{"level":50,"time":1726136161502,"pid":487805,"hostname":"DARRYL-WORK-PC","msg":"Error converting image to base64: Failed to fetch image: Forbidden"}
{"level":50,"time":1726136161502,"pid":487805,"hostname":"DARRYL-WORK-PC","msg":"Error converting image to base64: Failed to fetch image: Forbidden"}
{"level":50,"time":1726136161502,"pid":487805,"hostname":"DARRYL-WORK-PC","msg":"Error converting image to base64: Failed to fetch image: Forbidden"}
{"level":50,"time":1726136161502,"pid":487805,"hostname":"DARRYL-WORK-PC","msg":"Error converting image to base64: Failed to fetch image: Forbidden"}
{"level":50,"time":1726136161502,"pid":487805,"hostname":"DARRYL-WORK-PC","msg":"Error converting image to base64: Failed to fetch image: Forbidden"}
{"level":50,"time":1726136161502,"pid":487805,"hostname":"DARRYL-WORK-PC","msg":"Error converting image to base64: Failed to fetch image: Forbidden"}
{"level":50,"time":1726136161502,"pid":487805,"hostname":"DARRYL-WORK-PC","msg":"Error converting image to base64: Failed to fetch image: Forbidden"}
{"level":50,"time":1726136161502,"pid":487805,"hostname":"DARRYL-WORK-PC","msg":"Error converting image to base64: Failed to fetch image: Forbidden"}
{"level":50,"time":1726136161502,"pid":487805,"hostname":"DARRYL-WORK-PC","msg":"Error converting image to base64: Failed to fetch image: Forbidden"}
{"level":50,"time":1726136161502,"pid":487805,"hostname":"DARRYL-WORK-PC","msg":"Error converting image to base64: Failed to fetch image: Forbidden"}
{"level":50,"time":1726136161502,"pid":487805,"hostname":"DARRYL-WORK-PC","msg":"Error converting image to base64: Failed to fetch image: Forbidden"}
{"level":50,"time":1726136161502,"pid":487805,"hostname":"DARRYL-WORK-PC","msg":"Error converting image to base64: Failed to fetch image: Forbidden"}
{"level":50,"time":1726136161526,"pid":487805,"hostname":"DARRYL-WORK-PC","msg":"Error converting image to base64: Failed to fetch image: Forbidden"}
{"level":50,"time":1726136161526,"pid":487805,"hostname":"DARRYL-WORK-PC","msg":"Error converting image to base64: Failed to fetch image: Forbidden"}
{"level":50,"time":1726136161672,"pid":487805,"hostname":"DARRYL-WORK-PC","msg":"Error converting image to base64: Failed to fetch image: Forbidden"}
{"level":50,"time":1726136161672,"pid":487805,"hostname":"DARRYL-WORK-PC","msg":"Error converting image to base64: Failed to fetch image: Forbidden"}
{"level":50,"time":1726136161711,"pid":487805,"hostname":"DARRYL-WORK-PC","msg":"Error converting image to base64: Failed to fetch image: Forbidden"}
{"level":50,"time":1726136161711,"pid":487805,"hostname":"DARRYL-WORK-PC","msg":"Error converting image to base64: Failed to fetch image: Forbidden"}
{"level":50,"time":1726136161711,"pid":487805,"hostname":"DARRYL-WORK-PC","msg":"Error converting image to base64: Failed to fetch image: Forbidden"}
{"level":50,"time":1726136161711,"pid":487805,"hostname":"DARRYL-WORK-PC","msg":"Error converting image to base64: Failed to fetch image: Forbidden"}
{"level":50,"time":1726136161711,"pid":487805,"hostname":"DARRYL-WORK-PC","msg":"Error converting image to base64: Failed to fetch image: Forbidden"}
{"level":50,"time":1726136161711,"pid":487805,"hostname":"DARRYL-WORK-PC","msg":"Error converting image to base64: Failed to fetch image: Forbidden"}
{"level":50,"time":1726136161711,"pid":487805,"hostname":"DARRYL-WORK-PC","msg":"Error converting image to base64: Failed to fetch image: Forbidden"}
{"level":50,"time":1726136161711,"pid":487805,"hostname":"DARRYL-WORK-PC","msg":"Error converting image to base64: Failed to fetch image: Forbidden"}
{"level":50,"time":1726136161711,"pid":487805,"hostname":"DARRYL-WORK-PC","msg":"Error converting image to base64: Failed to fetch image: Forbidden"}
{"level":50,"time":1726136161728,"pid":487805,"hostname":"DARRYL-WORK-PC","msg":"Error converting image to base64: Failed to fetch image: Forbidden"}
{"level":50,"time":1726136161728,"pid":487805,"hostname":"DARRYL-WORK-PC","msg":"Error converting image to base64: Failed to fetch image: Forbidden"}
{"level":50,"time":1726136161809,"pid":487805,"hostname":"DARRYL-WORK-PC","msg":"Error converting image to base64: Failed to fetch image: Forbidden"}
{"level":50,"time":1726136161809,"pid":487805,"hostname":"DARRYL-WORK-PC","msg":"Error converting image to base64: Failed to fetch image: Forbidden"}
{"level":50,"time":1726136161809,"pid":487805,"hostname":"DARRYL-WORK-PC","msg":"Error converting image to base64: Failed to fetch image: Forbidden"}
{"level":50,"time":1726136161809,"pid":487805,"hostname":"DARRYL-WORK-PC","msg":"Error converting image to base64: Failed to fetch image: Forbidden"}
{"level":50,"time":1726136161809,"pid":487805,"hostname":"DARRYL-WORK-PC","msg":"Error converting image to base64: Failed to fetch image: Forbidden"}
{"level":50,"time":1726136161827,"pid":487805,"hostname":"DARRYL-WORK-PC","msg":"Error converting image to base64: Failed to fetch image: Forbidden"}
{"level":50,"time":1726136161828,"pid":487805,"hostname":"DARRYL-WORK-PC","msg":"Error converting image to base64: Failed to fetch image: Forbidden"}
{"level":50,"time":1726136161828,"pid":487805,"hostname":"DARRYL-WORK-PC","msg":"Error converting image to base64: Failed to fetch image: Forbidden"}
{"level":50,"time":1726136161906,"pid":487805,"hostname":"DARRYL-WORK-PC","msg":"Error converting image to base64: Failed to fetch image: Forbidden"}
{"level":50,"time":1726136161906,"pid":487805,"hostname":"DARRYL-WORK-PC","msg":"Error converting image to base64: Failed to fetch image: Forbidden"}
{"level":50,"time":1726136161909,"pid":487805,"hostname":"DARRYL-WORK-PC","msg":"Error converting image to base64: Failed to fetch image: Forbidden"}
{"level":50,"time":1726136161909,"pid":487805,"hostname":"DARRYL-WORK-PC","msg":"Error converting image to base64: Failed to fetch image: Forbidden"}
{"level":50,"time":1726136161936,"pid":487805,"hostname":"DARRYL-WORK-PC","msg":"Error converting image to base64: Failed to fetch image: Forbidden"}
{"level":50,"time":1726136161963,"pid":487805,"hostname":"DARRYL-WORK-PC","msg":"Error converting image to base64: Failed to fetch image: Forbidden"}
{"level":50,"time":1726136162012,"pid":487805,"hostname":"DARRYL-WORK-PC","msg":"Error converting image to base64: Failed to fetch image: Forbidden"}
{"level":50,"time":1726136162012,"pid":487805,"hostname":"DARRYL-WORK-PC","msg":"Error converting image to base64: Failed to fetch image: Forbidden"}
{"level":50,"time":1726136162012,"pid":487805,"hostname":"DARRYL-WORK-PC","msg":"Error converting image to base64: Failed to fetch image: Forbidden"}
{"level":50,"time":1726136162014,"pid":487805,"hostname":"DARRYL-WORK-PC","msg":"Error converting image to base64: Failed to fetch image: Forbidden"}
{"level":50,"time":1726136162014,"pid":487805,"hostname":"DARRYL-WORK-PC","msg":"Error converting image to base64: Failed to fetch image: Forbidden"}
{"level":50,"time":1726136162076,"pid":487805,"hostname":"DARRYL-WORK-PC","msg":"Error converting image to base64: Failed to fetch image: Forbidden"}
